# JRE version: Java(TM) SE Runtime Environment (8.0_11-b12) (build 1.8.0_11-b12)
# Java VM: Java HotSpot(TM) 64-Bit Server VM (25.11-b03 mixed mode windows-amd64 compressed oops)
Heap:
 PSYoungGen      total 159744K, used 38691K [0x00000000eab00000, 0x00000000f5d80000, 0x0000000100000000)
  eden space 136704K, 23% used [0x00000000eab00000,0x00000000ecafad80,0x00000000f3080000)
  from space 23040K, 25% used [0x00000000f3080000,0x00000000f364e158,0x00000000f4700000)
  to   space 22528K, 0% used [0x00000000f4780000,0x00000000f4780000,0x00000000f5d80000)
 ParOldGen       total 98304K, used 83919K [0x00000000c0000000, 0x00000000c6000000, 0x00000000eab00000)
  object space 98304K, 85% used [0x00000000c0000000,0x00000000c51f3e80,0x00000000c6000000)
 Metaspace       used 69812K, capacity 83026K, committed 83504K, reserved 1122304K
  class space    used 9395K, capacity 10602K, committed 10800K, reserved 1048576K
GC Heap History (10 events):
Event: 33781.891 GC heap before
{Heap before GC invocations=418 (full 73):
 PSYoungGen      total 158208K, used 16561K [0x00000000eab00000, 0x00000000f5e80000, 0x0000000100000000)
  eden space 134656K, 0% used [0x00000000eab00000,0x00000000eab00000,0x00000000f2e80000)
  from space 23552K, 70% used [0x00000000f2e80000,0x00000000f3eac7b0,0x00000000f4580000)
  to   space 24576K, 0% used [0x00000000f4680000,0x00000000f4680000,0x00000000f5e80000)
 ParOldGen       total 98304K, used 79180K [0x00000000c0000000, 0x00000000c6000000, 0x00000000eab00000)
  object space 98304K, 80% used [0x00000000c0000000,0x00000000c4d53368,0x00000000c6000000)
 Metaspace       used 69801K, capacity 83184K, committed 83376K, reserved 1122304K
  class space    used 9426K, capacity 10635K, committed 10672K, reserved 1048576K
Event: 33782.336 GC heap after
Heap after GC invocations=418 (full 73):
 PSYoungGen      total 158208K, used 0K [0x00000000eab00000, 0x00000000f5e80000, 0x0000000100000000)
  eden space 134656K, 0% used [0x00000000eab00000,0x00000000eab00000,0x00000000f2e80000)
  from space 23552K, 0% used [0x00000000f2e80000,0x00000000f2e80000,0x00000000f4580000)
  to   space 24576K, 0% used [0x00000000f4680000,0x00000000f4680000,0x00000000f5e80000)
 ParOldGen       total 98304K, used 83895K [0x00000000c0000000, 0x00000000c6000000, 0x00000000eab00000)
  object space 98304K, 85% used [0x00000000c0000000,0x00000000c51ede80,0x00000000c6000000)
 Metaspace       used 69671K, capacity 82792K, committed 83376K, reserved 1122304K
  class space    used 9390K, capacity 10595K, committed 10672K, reserved 1048576K
}
Event: 33794.283 GC heap before
{Heap before GC invocations=419 (full 73):
 PSYoungGen      total 158208K, used 134656K [0x00000000eab00000, 0x00000000f5e80000, 0x0000000100000000)
  eden space 134656K, 100% used [0x00000000eab00000,0x00000000f2e80000,0x00000000f2e80000)
  from space 23552K, 0% used [0x00000000f2e80000,0x00000000f2e80000,0x00000000f4580000)
  to   space 24576K, 0% used [0x00000000f4680000,0x00000000f4680000,0x00000000f5e80000)
 ParOldGen       total 98304K, used 83895K [0x00000000c0000000, 0x00000000c6000000, 0x00000000eab00000)
  object space 98304K, 85% used [0x00000000c0000000,0x00000000c51ede80,0x00000000c6000000)
 Metaspace       used 69682K, capacity 82810K, committed 83376K, reserved 1122304K
  class space    used 9392K, capacity 10598K, committed 10672K, reserved 1048576K
Event: 33794.294 GC heap after
Heap after GC invocations=419 (full 73):
 PSYoungGen      total 159744K, used 9919K [0x00000000eab00000, 0x00000000f5e00000, 0x0000000100000000)
  eden space 135680K, 0% used [0x00000000eab00000,0x00000000eab00000,0x00000000f2f80000)
  from space 24064K, 41% used [0x00000000f4680000,0x00000000f502fdb8,0x00000000f5e00000)
  to   space 23552K, 0% used [0x00000000f2f80000,0x00000000f2f80000,0x00000000f4680000)
 ParOldGen       total 98304K, used 83895K [0x00000000c0000000, 0x00000000c6000000, 0x00000000eab00000)
  object space 98304K, 85% used [0x00000000c0000000,0x00000000c51ede80,0x00000000c6000000)
 Metaspace       used 69682K, capacity 82810K, committed 83376K, reserved 1122304K
  class space    used 9392K, capacity 10598K, committed 10672K, reserved 1048576K
}
Event: 33809.240 GC heap before
{Heap before GC invocations=420 (full 73):
 PSYoungGen      total 159744K, used 145599K [0x00000000eab00000, 0x00000000f5e00000, 0x0000000100000000)
  eden space 135680K, 100% used [0x00000000eab00000,0x00000000f2f80000,0x00000000f2f80000)
  from space 24064K, 41% used [0x00000000f4680000,0x00000000f502fdb8,0x00000000f5e00000)
  to   space 23552K, 0% used [0x00000000f2f80000,0x00000000f2f80000,0x00000000f4680000)
 ParOldGen       total 98304K, used 83895K [0x00000000c0000000, 0x00000000c6000000, 0x00000000eab00000)
  object space 98304K, 85% used [0x00000000c0000000,0x00000000c51ede80,0x00000000c6000000)
 Metaspace       used 69701K, capacity 82874K, committed 83376K, reserved 1122304K
  class space    used 9392K, capacity 10598K, committed 10672K, reserved 1048576K
Event: 33809.245 GC heap after
Heap after GC invocations=420 (full 73):
 PSYoungGen      total 159232K, used 2944K [0x00000000eab00000, 0x00000000f5e80000, 0x0000000100000000)
  eden space 135680K, 0% used [0x00000000eab00000,0x00000000eab00000,0x00000000f2f80000)
  from space 23552K, 12% used [0x00000000f2f80000,0x00000000f3260000,0x00000000f4680000)
  to   space 23552K, 0% used [0x00000000f4780000,0x00000000f4780000,0x00000000f5e80000)
 ParOldGen       total 98304K, used 83903K [0x00000000c0000000, 0x00000000c6000000, 0x00000000eab00000)
  object space 98304K, 85% used [0x00000000c0000000,0x00000000c51efe80,0x00000000c6000000)
 Metaspace       used 69701K, capacity 82874K, committed 83376K, reserved 1122304K
  class space    used 9392K, capacity 10598K, committed 10672K, reserved 1048576K
}
Event: 33820.239 GC heap before
{Heap before GC invocations=421 (full 73):
 PSYoungGen      total 159232K, used 138624K [0x00000000eab00000, 0x00000000f5e80000, 0x0000000100000000)
  eden space 135680K, 100% used [0x00000000eab00000,0x00000000f2f80000,0x00000000f2f80000)
  from space 23552K, 12% used [0x00000000f2f80000,0x00000000f3260000,0x00000000f4680000)
  to   space 23552K, 0% used [0x00000000f4780000,0x00000000f4780000,0x00000000f5e80000)
 ParOldGen       total 98304K, used 83903K [0x00000000c0000000, 0x00000000c6000000, 0x00000000eab00000)
  object space 98304K, 85% used [0x00000000c0000000,0x00000000c51efe80,0x00000000c6000000)
 Metaspace       used 69713K, capacity 82880K, committed 83376K, reserved 1122304K
  class space    used 9393K, capacity 10599K, committed 10672K, reserved 1048576K
Event: 33820.245 GC heap after
Heap after GC invocations=421 (full 73):
 PSYoungGen      total 159232K, used 6330K [0x00000000eab00000, 0x00000000f5d80000, 0x0000000100000000)
  eden space 136704K, 0% used [0x00000000eab00000,0x00000000eab00000,0x00000000f3080000)
  from space 22528K, 28% used [0x00000000f4780000,0x00000000f4daeab8,0x00000000f5d80000)
  to   space 23040K, 0% used [0x00000000f3080000,0x00000000f3080000,0x00000000f4700000)
 ParOldGen       total 98304K, used 83911K [0x00000000c0000000, 0x00000000c6000000, 0x00000000eab00000)
  object space 98304K, 85% used [0x00000000c0000000,0x00000000c51f1e80,0x00000000c6000000)
 Metaspace       used 69713K, capacity 82880K, committed 83376K, reserved 1122304K
  class space    used 9393K, capacity 10599K, committed 10672K, reserved 1048576K
}
Event: 33828.173 GC heap before
{Heap before GC invocations=422 (full 73):
 PSYoungGen      total 159232K, used 143034K [0x00000000eab00000, 0x00000000f5d80000, 0x0000000100000000)
  eden space 136704K, 100% used [0x00000000eab00000,0x00000000f3080000,0x00000000f3080000)
  from space 22528K, 28% used [0x00000000f4780000,0x00000000f4daeab8,0x00000000f5d80000)
  to   space 23040K, 0% used [0x00000000f3080000,0x00000000f3080000,0x00000000f4700000)
 ParOldGen       total 98304K, used 83911K [0x00000000c0000000, 0x00000000c6000000, 0x00000000eab00000)
  object space 98304K, 85% used [0x00000000c0000000,0x00000000c51f1e80,0x00000000c6000000)
 Metaspace       used 69739K, capacity 82898K, committed 83504K, reserved 1122304K
  class space    used 9395K, capacity 10602K, committed 10800K, reserved 1048576K
Event: 33828.177 GC heap after
Heap after GC invocations=422 (full 73):
 PSYoungGen      total 159744K, used 5944K [0x00000000eab00000, 0x00000000f5d80000, 0x0000000100000000)
  eden space 136704K, 0% used [0x00000000eab00000,0x00000000eab00000,0x00000000f3080000)
  from space 23040K, 25% used [0x00000000f3080000,0x00000000f364e158,0x00000000f4700000)
  to   space 22528K, 0% used [0x00000000f4780000,0x00000000f4780000,0x00000000f5d80000)
 ParOldGen       total 98304K, used 83919K [0x00000000c0000000, 0x00000000c6000000, 0x00000000eab00000)
  object space 98304K, 85% used [0x00000000c0000000,0x00000000c51f3e80,0x00000000c6000000)
 Metaspace       used 69739K, capacity 82898K, committed 83504K, reserved 1122304K
  class space    used 9395K, capacity 10602K, committed 10800K, reserved 1048576K
}

