# JRE version: Java(TM) SE Runtime Environment (8.0_11-b12) (build 1.8.0_11-b12)
# Java VM: Java HotSpot(TM) 64-Bit Server VM (25.11-b03 mixed mode windows-amd64 compressed oops)
Heap:
 PSYoungGen      total 39424K, used 18080K [0x00000000eab00000, 0x00000000eeb80000, 0x0000000100000000)
  eden space 32256K, 41% used [0x00000000eab00000,0x00000000eb7f80a8,0x00000000eca80000)
  from space 7168K, 66% used [0x00000000ee480000,0x00000000ee930000,0x00000000eeb80000)
  to   space 4608K, 0% used [0x00000000eca80000,0x00000000eca80000,0x00000000ecf00000)
 ParOldGen       total 94720K, used 20601K [0x00000000c0000000, 0x00000000c5c80000, 0x00000000eab00000)
  object space 94720K, 21% used [0x00000000c0000000,0x00000000c141e668,0x00000000c5c80000)
 Metaspace       used 5997K, capacity 6960K, committed 7040K, reserved 1056768K
  class space    used 595K, capacity 616K, committed 640K, reserved 1048576K
GC Heap History (10 events):
Event: 6.447 GC heap before
{Heap before GC invocations=12 (full 0):
 PSYoungGen      total 15360K, used 15350K [0x00000000eab00000, 0x00000000ec600000, 0x0000000100000000)
  eden space 12800K, 100% used [0x00000000eab00000,0x00000000eb780000,0x00000000eb780000)
  from space 2560K, 99% used [0x00000000eb780000,0x00000000eb9fda80,0x00000000eba00000)
  to   space 3584K, 0% used [0x00000000ec280000,0x00000000ec280000,0x00000000ec600000)
 ParOldGen       total 94720K, used 5282K [0x00000000c0000000, 0x00000000c5c80000, 0x00000000eab00000)
  object space 94720K, 5% used [0x00000000c0000000,0x00000000c0528aa0,0x00000000c5c80000)
 Metaspace       used 5863K, capacity 6896K, committed 7040K, reserved 1056768K
  class space    used 593K, capacity 616K, committed 640K, reserved 1048576K
Event: 7.362 GC heap after
Heap after GC invocations=12 (full 0):
 PSYoungGen      total 24064K, used 2016K [0x00000000eab00000, 0x00000000ec600000, 0x0000000100000000)
  eden space 20480K, 0% used [0x00000000eab00000,0x00000000eab00000,0x00000000ebf00000)
  from space 3584K, 56% used [0x00000000ec280000,0x00000000ec478000,0x00000000ec600000)
  to   space 3584K, 0% used [0x00000000ebf00000,0x00000000ebf00000,0x00000000ec280000)
 ParOldGen       total 94720K, used 7558K [0x00000000c0000000, 0x00000000c5c80000, 0x00000000eab00000)
  object space 94720K, 7% used [0x00000000c0000000,0x00000000c0761938,0x00000000c5c80000)
 Metaspace       used 5863K, capacity 6896K, committed 7040K, reserved 1056768K
  class space    used 593K, capacity 616K, committed 640K, reserved 1048576K
}
Event: 8.404 GC heap before
{Heap before GC invocations=13 (full 0):
 PSYoungGen      total 24064K, used 22496K [0x00000000eab00000, 0x00000000ec600000, 0x0000000100000000)
  eden space 20480K, 100% used [0x00000000eab00000,0x00000000ebf00000,0x00000000ebf00000)
  from space 3584K, 56% used [0x00000000ec280000,0x00000000ec478000,0x00000000ec600000)
  to   space 3584K, 0% used [0x00000000ebf00000,0x00000000ebf00000,0x00000000ec280000)
 ParOldGen       total 94720K, used 7558K [0x00000000c0000000, 0x00000000c5c80000, 0x00000000eab00000)
  object space 94720K, 7% used [0x00000000c0000000,0x00000000c0761938,0x00000000c5c80000)
 Metaspace       used 5913K, capacity 6960K, committed 7040K, reserved 1056768K
  class space    used 594K, capacity 616K, committed 640K, reserved 1048576K
Event: 9.735 GC heap after
Heap after GC invocations=13 (full 0):
 PSYoungGen      total 24064K, used 3328K [0x00000000eab00000, 0x00000000ed300000, 0x0000000100000000)
  eden space 20480K, 0% used [0x00000000eab00000,0x00000000eab00000,0x00000000ebf00000)
  from space 3584K, 92% used [0x00000000ebf00000,0x00000000ec240010,0x00000000ec280000)
  to   space 4096K, 0% used [0x00000000ecf00000,0x00000000ecf00000,0x00000000ed300000)
 ParOldGen       total 94720K, used 9315K [0x00000000c0000000, 0x00000000c5c80000, 0x00000000eab00000)
  object space 94720K, 9% used [0x00000000c0000000,0x00000000c0918c98,0x00000000c5c80000)
 Metaspace       used 5913K, capacity 6960K, committed 7040K, reserved 1056768K
  class space    used 594K, capacity 616K, committed 640K, reserved 1048576K
}
Event: 10.527 GC heap before
{Heap before GC invocations=14 (full 0):
 PSYoungGen      total 24064K, used 23808K [0x00000000eab00000, 0x00000000ed300000, 0x0000000100000000)
  eden space 20480K, 100% used [0x00000000eab00000,0x00000000ebf00000,0x00000000ebf00000)
  from space 3584K, 92% used [0x00000000ebf00000,0x00000000ec240010,0x00000000ec280000)
  to   space 4096K, 0% used [0x00000000ecf00000,0x00000000ecf00000,0x00000000ed300000)
 ParOldGen       total 94720K, used 9315K [0x00000000c0000000, 0x00000000c5c80000, 0x00000000eab00000)
  object space 94720K, 9% used [0x00000000c0000000,0x00000000c0918c98,0x00000000c5c80000)
 Metaspace       used 5941K, capacity 6960K, committed 7040K, reserved 1056768K
  class space    used 594K, capacity 616K, committed 640K, reserved 1048576K
Event: 11.722 GC heap after
Heap after GC invocations=14 (full 0):
 PSYoungGen      total 36352K, used 3696K [0x00000000eab00000, 0x00000000ed400000, 0x0000000100000000)
  eden space 32256K, 0% used [0x00000000eab00000,0x00000000eab00000,0x00000000eca80000)
  from space 4096K, 90% used [0x00000000ecf00000,0x00000000ed29c010,0x00000000ed300000)
  to   space 4608K, 0% used [0x00000000eca80000,0x00000000eca80000,0x00000000ecf00000)
 ParOldGen       total 94720K, used 12468K [0x00000000c0000000, 0x00000000c5c80000, 0x00000000eab00000)
  object space 94720K, 13% used [0x00000000c0000000,0x00000000c0c2d2d0,0x00000000c5c80000)
 Metaspace       used 5941K, capacity 6960K, committed 7040K, reserved 1056768K
  class space    used 594K, capacity 616K, committed 640K, reserved 1048576K
}
Event: 14.814 GC heap before
{Heap before GC invocations=15 (full 0):
 PSYoungGen      total 36352K, used 35952K [0x00000000eab00000, 0x00000000ed400000, 0x0000000100000000)
  eden space 32256K, 100% used [0x00000000eab00000,0x00000000eca80000,0x00000000eca80000)
  from space 4096K, 90% used [0x00000000ecf00000,0x00000000ed29c010,0x00000000ed300000)
  to   space 4608K, 0% used [0x00000000eca80000,0x00000000eca80000,0x00000000ecf00000)
 ParOldGen       total 94720K, used 12468K [0x00000000c0000000, 0x00000000c5c80000, 0x00000000eab00000)
  object space 94720K, 13% used [0x00000000c0000000,0x00000000c0c2d2d0,0x00000000c5c80000)
 Metaspace       used 5964K, capacity 6960K, committed 7040K, reserved 1056768K
  class space    used 595K, capacity 616K, committed 640K, reserved 1048576K
Event: 16.366 GC heap after
Heap after GC invocations=15 (full 0):
 PSYoungGen      total 36864K, used 4576K [0x00000000eab00000, 0x00000000eeb80000, 0x0000000100000000)
  eden space 32256K, 0% used [0x00000000eab00000,0x00000000eab00000,0x00000000eca80000)
  from space 4608K, 99% used [0x00000000eca80000,0x00000000ecef8010,0x00000000ecf00000)
  to   space 7168K, 0% used [0x00000000ee480000,0x00000000ee480000,0x00000000eeb80000)
 ParOldGen       total 94720K, used 16758K [0x00000000c0000000, 0x00000000c5c80000, 0x00000000eab00000)
  object space 94720K, 17% used [0x00000000c0000000,0x00000000c105db48,0x00000000c5c80000)
 Metaspace       used 5964K, capacity 6960K, committed 7040K, reserved 1056768K
  class space    used 595K, capacity 616K, committed 640K, reserved 1048576K
}
Event: 17.773 GC heap before
{Heap before GC invocations=16 (full 0):
 PSYoungGen      total 36864K, used 36832K [0x00000000eab00000, 0x00000000eeb80000, 0x0000000100000000)
  eden space 32256K, 100% used [0x00000000eab00000,0x00000000eca80000,0x00000000eca80000)
  from space 4608K, 99% used [0x00000000eca80000,0x00000000ecef8010,0x00000000ecf00000)
  to   space 7168K, 0% used [0x00000000ee480000,0x00000000ee480000,0x00000000eeb80000)
 ParOldGen       total 94720K, used 16758K [0x00000000c0000000, 0x00000000c5c80000, 0x00000000eab00000)
  object space 94720K, 17% used [0x00000000c0000000,0x00000000c105db48,0x00000000c5c80000)
 Metaspace       used 5986K, capacity 6960K, committed 7040K, reserved 1056768K
  class space    used 595K, capacity 616K, committed 640K, reserved 1048576K
Event: 18.444 GC heap after
Heap after GC invocations=16 (full 0):
 PSYoungGen      total 39424K, used 4800K [0x00000000eab00000, 0x00000000eeb80000, 0x0000000100000000)
  eden space 32256K, 0% used [0x00000000eab00000,0x00000000eab00000,0x00000000eca80000)
  from space 7168K, 66% used [0x00000000ee480000,0x00000000ee930000,0x00000000eeb80000)
  to   space 4608K, 0% used [0x00000000eca80000,0x00000000eca80000,0x00000000ecf00000)
 ParOldGen       total 94720K, used 20601K [0x00000000c0000000, 0x00000000c5c80000, 0x00000000eab00000)
  object space 94720K, 21% used [0x00000000c0000000,0x00000000c141e668,0x00000000c5c80000)
 Metaspace       used 5986K, capacity 6960K, committed 7040K, reserved 1056768K
  class space    used 595K, capacity 616K, committed 640K, reserved 1048576K
}

